[ 2016-01-05T11:16:18+08:00 ] ::1 /myblog/index.php/Home/Code/index?id=1
ERR: SQLSTATE[42000] [1049] Unknown database 'myblog'

[ 2016-01-05T13:34:32+08:00 ] ::1 /myblog/index.php/Home/Service/article?id=5
ERR: 无法加载控制器:Service

[ 2016-01-05T14:44:47+08:00 ] ::1 /myblog/index.php/Home/Code/detail?id=
ERR: SQLSTATE[42000]: Syntax error or access violation: 1064 You have an error in your SQL syntax; check the manual that corresponds to your MySQL server version for the right syntax to use near ') LIMIT 1' at line 1

[ 2016-01-05T15:10:09+08:00 ] ::1 /myblog/index.php/Home/Code/doRise
INFO: [ app_begin ] --START--
INFO: Run Behavior\ReadHtmlCacheBehavior [ RunTime:0.000977s ]
INFO: [ app_begin ] --END-- [ RunTime:0.002930s ]
ERR: 非法操作:doRise

[ 2016-01-05T15:10:10+08:00 ] ::1 /myblog/index.php/Home/Code/doRise
INFO: [ app_begin ] --START--
INFO: Run Behavior\ReadHtmlCacheBehavior [ RunTime:0.000976s ]
INFO: [ app_begin ] --END-- [ RunTime:0.000976s ]
ERR: 非法操作:doRise

[ 2016-01-05T15:10:11+08:00 ] ::1 /myblog/index.php/Home/Code/doRise
INFO: [ app_begin ] --START--
INFO: Run Behavior\ReadHtmlCacheBehavior [ RunTime:0.000000s ]
INFO: [ app_begin ] --END-- [ RunTime:0.000976s ]
ERR: 非法操作:doRise

[ 2016-01-05T15:10:12+08:00 ] ::1 /myblog/index.php/Home/Code/doRise
INFO: [ app_begin ] --START--
INFO: Run Behavior\ReadHtmlCacheBehavior [ RunTime:0.000977s ]
INFO: [ app_begin ] --END-- [ RunTime:0.000977s ]
ERR: 非法操作:doRise

[ 2016-01-05T15:17:51+08:00 ] ::1 /myblog/index.php/Home/Code/doRise
INFO: [ app_begin ] --START--
INFO: Run Behavior\ReadHtmlCacheBehavior [ RunTime:0.000000s ]
INFO: [ app_begin ] --END-- [ RunTime:0.000000s ]
ERR: 非法操作:doRise

[ 2016-01-05T15:17:52+08:00 ] ::1 /myblog/index.php/Home/Code/doRise
INFO: [ app_begin ] --START--
INFO: Run Behavior\ReadHtmlCacheBehavior [ RunTime:0.000976s ]
INFO: [ app_begin ] --END-- [ RunTime:0.000976s ]
ERR: 非法操作:doRise

[ 2016-01-05T15:17:52+08:00 ] ::1 /myblog/index.php/Home/Code/doRise
INFO: [ app_begin ] --START--
INFO: Run Behavior\ReadHtmlCacheBehavior [ RunTime:0.000000s ]
INFO: [ app_begin ] --END-- [ RunTime:0.000000s ]
ERR: 非法操作:doRise

[ 2016-01-05T15:17:52+08:00 ] ::1 /myblog/index.php/Home/Code/doRise
INFO: [ app_begin ] --START--
INFO: Run Behavior\ReadHtmlCacheBehavior [ RunTime:0.000000s ]
INFO: [ app_begin ] --END-- [ RunTime:0.000977s ]
ERR: 非法操作:doRise

[ 2016-01-05T15:17:52+08:00 ] ::1 /myblog/index.php/Home/Code/doRise
INFO: [ app_begin ] --START--
INFO: Run Behavior\ReadHtmlCacheBehavior [ RunTime:0.000000s ]
INFO: [ app_begin ] --END-- [ RunTime:0.000976s ]
ERR: 非法操作:doRise

[ 2016-01-05T15:17:52+08:00 ] ::1 /myblog/index.php/Home/Code/doRise
INFO: [ app_begin ] --START--
INFO: Run Behavior\ReadHtmlCacheBehavior [ RunTime:0.000977s ]
INFO: [ app_begin ] --END-- [ RunTime:0.000977s ]
ERR: 非法操作:doRise

[ 2016-01-05T15:17:53+08:00 ] ::1 /myblog/index.php/Home/Code/doRise
INFO: [ app_begin ] --START--
INFO: Run Behavior\ReadHtmlCacheBehavior [ RunTime:0.000976s ]
INFO: [ app_begin ] --END-- [ RunTime:0.000976s ]
ERR: 非法操作:doRise

[ 2016-01-05T15:17:53+08:00 ] ::1 /myblog/index.php/Home/Code/doRise
INFO: [ app_begin ] --START--
INFO: Run Behavior\ReadHtmlCacheBehavior [ RunTime:0.000000s ]
INFO: [ app_begin ] --END-- [ RunTime:0.000977s ]
ERR: 非法操作:doRise

[ 2016-01-05T15:17:56+08:00 ] ::1 /myblog/index.php/Home/Code/doRise
INFO: [ app_begin ] --START--
INFO: Run Behavior\ReadHtmlCacheBehavior [ RunTime:0.000977s ]
INFO: [ app_begin ] --END-- [ RunTime:0.000977s ]
ERR: 非法操作:doRise

[ 2016-01-05T15:17:56+08:00 ] ::1 /myblog/index.php/Home/Code/doRise
INFO: [ app_begin ] --START--
INFO: Run Behavior\ReadHtmlCacheBehavior [ RunTime:0.000000s ]
INFO: [ app_begin ] --END-- [ RunTime:0.000000s ]
ERR: 非法操作:doRise

[ 2016-01-05T15:17:57+08:00 ] ::1 /myblog/index.php/Home/Code/doRise
INFO: [ app_begin ] --START--
INFO: Run Behavior\ReadHtmlCacheBehavior [ RunTime:0.000000s ]
INFO: [ app_begin ] --END-- [ RunTime:0.000000s ]
ERR: 非法操作:doRise

[ 2016-01-05T15:17:57+08:00 ] ::1 /myblog/index.php/Home/Code/doRise
INFO: [ app_begin ] --START--
INFO: Run Behavior\ReadHtmlCacheBehavior [ RunTime:0.000000s ]
INFO: [ app_begin ] --END-- [ RunTime:0.000977s ]
ERR: 非法操作:doRise

[ 2016-01-05T15:17:57+08:00 ] ::1 /myblog/index.php/Home/Code/doRise
INFO: [ app_begin ] --START--
INFO: Run Behavior\ReadHtmlCacheBehavior [ RunTime:0.000000s ]
INFO: [ app_begin ] --END-- [ RunTime:0.000976s ]
ERR: 非法操作:doRise

[ 2016-01-05T15:17:57+08:00 ] ::1 /myblog/index.php/Home/Code/doRise
INFO: [ app_begin ] --START--
INFO: Run Behavior\ReadHtmlCacheBehavior [ RunTime:0.000000s ]
INFO: [ app_begin ] --END-- [ RunTime:0.000977s ]
ERR: 非法操作:doRise

[ 2016-01-05T15:17:58+08:00 ] ::1 /myblog/index.php/Home/Code/doRise
INFO: [ app_begin ] --START--
INFO: Run Behavior\ReadHtmlCacheBehavior [ RunTime:0.000000s ]
INFO: [ app_begin ] --END-- [ RunTime:0.000976s ]
ERR: 非法操作:doRise

[ 2016-01-05T15:17:58+08:00 ] ::1 /myblog/index.php/Home/Code/doRise
INFO: [ app_begin ] --START--
INFO: Run Behavior\ReadHtmlCacheBehavior [ RunTime:0.000977s ]
INFO: [ app_begin ] --END-- [ RunTime:0.000977s ]
ERR: 非法操作:doRise

[ 2016-01-05T15:17:58+08:00 ] ::1 /myblog/index.php/Home/Code/doRise
INFO: [ app_begin ] --START--
INFO: Run Behavior\ReadHtmlCacheBehavior [ RunTime:0.000976s ]
INFO: [ app_begin ] --END-- [ RunTime:0.000976s ]
ERR: 非法操作:doRise

[ 2016-01-05T15:17:59+08:00 ] ::1 /myblog/index.php/Home/Code/doRise
INFO: [ app_begin ] --START--
INFO: Run Behavior\ReadHtmlCacheBehavior [ RunTime:0.000000s ]
INFO: [ app_begin ] --END-- [ RunTime:0.000976s ]
ERR: 非法操作:doRise

[ 2016-01-05T15:17:59+08:00 ] ::1 /myblog/index.php/Home/Code/doRise
INFO: [ app_begin ] --START--
INFO: Run Behavior\ReadHtmlCacheBehavior [ RunTime:0.000977s ]
INFO: [ app_begin ] --END-- [ RunTime:0.000977s ]
ERR: 非法操作:doRise

[ 2016-01-05T15:18:17+08:00 ] ::1 /myblog/index.php/Home/Code/doRise
ERR: 非法操作:doRise

[ 2016-01-05T15:18:43+08:00 ] ::1 /myblog/index.php/Home/Code/doRise
INFO: [ app_begin ] --START--
INFO: Run Behavior\ReadHtmlCacheBehavior [ RunTime:0.000976s ]
INFO: [ app_begin ] --END-- [ RunTime:0.000976s ]
SQL: SHOW COLUMNS FROM `article` [ RunTime:0.0029s ]
SQL: UPDATE `article` SET `rise`=rise+1 WHERE `id` = 8 [ RunTime:0.0000s ]

[ 2016-01-05T15:18:46+08:00 ] ::1 /myblog/index.php/Home/Code/doRise
INFO: [ app_begin ] --START--
INFO: Run Behavior\ReadHtmlCacheBehavior [ RunTime:0.000976s ]
INFO: [ app_begin ] --END-- [ RunTime:0.000976s ]
SQL: SHOW COLUMNS FROM `article` [ RunTime:0.0029s ]
SQL: UPDATE `article` SET `rise`=rise+1 WHERE `id` = 8 [ RunTime:0.0000s ]

[ 2016-01-05T15:19:13+08:00 ] ::1 /myblog/index.php/Home/Code/doRise
INFO: [ app_begin ] --START--
INFO: Run Behavior\ReadHtmlCacheBehavior [ RunTime:0.000976s ]
INFO: [ app_begin ] --END-- [ RunTime:0.000976s ]
SQL: SHOW COLUMNS FROM `article` [ RunTime:0.0029s ]
SQL: UPDATE `article` SET `rise`=rise+1 WHERE `id` = 8 [ RunTime:0.0000s ]

[ 2016-01-05T15:19:17+08:00 ] ::1 /myblog/index.php/Home/Code/doRise
INFO: [ app_begin ] --START--
INFO: Run Behavior\ReadHtmlCacheBehavior [ RunTime:0.000000s ]
INFO: [ app_begin ] --END-- [ RunTime:0.000000s ]
SQL: SHOW COLUMNS FROM `article` [ RunTime:0.0029s ]
SQL: UPDATE `article` SET `rise`=rise+1 WHERE `id` = 8 [ RunTime:0.0000s ]

[ 2016-01-05T15:19:30+08:00 ] ::1 /myblog/index.php/Home/Code/doRise
INFO: [ app_begin ] --START--
INFO: Run Behavior\ReadHtmlCacheBehavior [ RunTime:0.000977s ]
INFO: [ app_begin ] --END-- [ RunTime:0.000977s ]
SQL: SHOW COLUMNS FROM `article` [ RunTime:0.0029s ]
SQL: UPDATE `article` SET `rise`=rise+1 WHERE `id` = 8 [ RunTime:0.0000s ]

[ 2016-01-05T15:19:33+08:00 ] ::1 /myblog/index.php/Home/Code/doRise
INFO: [ app_begin ] --START--
INFO: Run Behavior\ReadHtmlCacheBehavior [ RunTime:0.000977s ]
INFO: [ app_begin ] --END-- [ RunTime:0.000977s ]
SQL: SHOW COLUMNS FROM `article` [ RunTime:0.0029s ]
SQL: UPDATE `article` SET `rise`=rise+1 WHERE `id` = 8 [ RunTime:0.0000s ]

[ 2016-01-05T15:19:38+08:00 ] ::1 /myblog/index.php/Home/Code/doRise
INFO: [ app_begin ] --START--
INFO: Run Behavior\ReadHtmlCacheBehavior [ RunTime:0.000000s ]
INFO: [ app_begin ] --END-- [ RunTime:0.000977s ]
SQL: SHOW COLUMNS FROM `article` [ RunTime:0.0020s ]
SQL: UPDATE `article` SET `rise`=rise+1 WHERE `id` = 8 [ RunTime:0.0000s ]

[ 2016-01-05T15:19:49+08:00 ] ::1 /myblog/index.php/Home/Code/doRise
INFO: [ app_begin ] --START--
INFO: Run Behavior\ReadHtmlCacheBehavior [ RunTime:0.000000s ]
INFO: [ app_begin ] --END-- [ RunTime:0.000000s ]
SQL: SHOW COLUMNS FROM `article` [ RunTime:0.0029s ]
SQL: UPDATE `article` SET `rise`=rise+1 WHERE `id` = 8 [ RunTime:0.0000s ]

[ 2016-01-05T15:22:28+08:00 ] ::1 /myblog/index.php/Home/Code/doRise
INFO: [ app_begin ] --START--
INFO: Run Behavior\ReadHtmlCacheBehavior [ RunTime:0.000977s ]
INFO: [ app_begin ] --END-- [ RunTime:0.000977s ]
SQL: SHOW COLUMNS FROM `article` [ RunTime:0.0029s ]
SQL: UPDATE `article` SET `rise`=rise+1 WHERE `id` = 8 [ RunTime:0.0010s ]

[ 2016-01-05T15:22:30+08:00 ] ::1 /myblog/index.php/Home/Code/doRise
INFO: [ app_begin ] --START--
INFO: Run Behavior\ReadHtmlCacheBehavior [ RunTime:0.000000s ]
INFO: [ app_begin ] --END-- [ RunTime:0.000977s ]
SQL: SHOW COLUMNS FROM `article` [ RunTime:0.0029s ]
SQL: UPDATE `article` SET `rise`=rise+1 WHERE `id` = 8 [ RunTime:0.0000s ]

[ 2016-01-05T15:22:31+08:00 ] ::1 /myblog/index.php/Home/Code/doRise
INFO: [ app_begin ] --START--
INFO: Run Behavior\ReadHtmlCacheBehavior [ RunTime:0.000000s ]
INFO: [ app_begin ] --END-- [ RunTime:0.000000s ]
SQL: SHOW COLUMNS FROM `article` [ RunTime:0.0020s ]
SQL: UPDATE `article` SET `rise`=rise+1 WHERE `id` = 8 [ RunTime:0.0010s ]

[ 2016-01-05T15:22:33+08:00 ] ::1 /myblog/index.php/Home/Code/doRise
INFO: [ app_begin ] --START--
INFO: Run Behavior\ReadHtmlCacheBehavior [ RunTime:0.000000s ]
INFO: [ app_begin ] --END-- [ RunTime:0.000977s ]
SQL: SHOW COLUMNS FROM `article` [ RunTime:0.0020s ]
SQL: UPDATE `article` SET `rise`=rise+1 WHERE `id` = 8 [ RunTime:0.0000s ]

[ 2016-01-05T15:22:34+08:00 ] ::1 /myblog/index.php/Home/Code/doRise
INFO: [ app_begin ] --START--
INFO: Run Behavior\ReadHtmlCacheBehavior [ RunTime:0.000977s ]
INFO: [ app_begin ] --END-- [ RunTime:0.000977s ]
SQL: SHOW COLUMNS FROM `article` [ RunTime:0.0029s ]
SQL: UPDATE `article` SET `rise`=rise+1 WHERE `id` = 8 [ RunTime:0.0000s ]

[ 2016-01-05T15:22:35+08:00 ] ::1 /myblog/index.php/Home/Code/doRise
INFO: [ app_begin ] --START--
INFO: Run Behavior\ReadHtmlCacheBehavior [ RunTime:0.000976s ]
INFO: [ app_begin ] --END-- [ RunTime:0.000976s ]
SQL: SHOW COLUMNS FROM `article` [ RunTime:0.0029s ]
SQL: UPDATE `article` SET `rise`=rise+1 WHERE `id` = 8 [ RunTime:0.0000s ]

[ 2016-01-05T15:22:37+08:00 ] ::1 /myblog/index.php/Home/Code/doRise
INFO: [ app_begin ] --START--
INFO: Run Behavior\ReadHtmlCacheBehavior [ RunTime:0.000000s ]
INFO: [ app_begin ] --END-- [ RunTime:0.000000s ]
SQL: SHOW COLUMNS FROM `article` [ RunTime:0.0029s ]
SQL: UPDATE `article` SET `rise`=rise+1 WHERE `id` = 8 [ RunTime:0.0010s ]

[ 2016-01-05T15:22:38+08:00 ] ::1 /myblog/index.php/Home/Code/doRise
INFO: [ app_begin ] --START--
INFO: Run Behavior\ReadHtmlCacheBehavior [ RunTime:0.000000s ]
INFO: [ app_begin ] --END-- [ RunTime:0.000976s ]
SQL: SHOW COLUMNS FROM `article` [ RunTime:0.0020s ]
SQL: UPDATE `article` SET `rise`=rise+1 WHERE `id` = 8 [ RunTime:0.0000s ]

[ 2016-01-05T15:22:40+08:00 ] ::1 /myblog/index.php/Home/Code/doRise
INFO: [ app_begin ] --START--
INFO: Run Behavior\ReadHtmlCacheBehavior [ RunTime:0.000000s ]
INFO: [ app_begin ] --END-- [ RunTime:0.000000s ]
SQL: SHOW COLUMNS FROM `article` [ RunTime:0.0029s ]
SQL: UPDATE `article` SET `rise`=rise+1 WHERE `id` = 8 [ RunTime:0.0010s ]

[ 2016-01-05T15:22:43+08:00 ] ::1 /myblog/index.php/Home/Code/doRise
INFO: [ app_begin ] --START--
INFO: Run Behavior\ReadHtmlCacheBehavior [ RunTime:0.000977s ]
INFO: [ app_begin ] --END-- [ RunTime:0.000977s ]
SQL: SHOW COLUMNS FROM `article` [ RunTime:0.0029s ]
SQL: UPDATE `article` SET `rise`=rise+1 WHERE `id` = 8 [ RunTime:0.0000s ]

[ 2016-01-05T15:22:44+08:00 ] ::1 /myblog/index.php/Home/Code/doRise
INFO: [ app_begin ] --START--
INFO: Run Behavior\ReadHtmlCacheBehavior [ RunTime:0.000000s ]
INFO: [ app_begin ] --END-- [ RunTime:0.000977s ]
SQL: SHOW COLUMNS FROM `article` [ RunTime:0.0029s ]
SQL: UPDATE `article` SET `rise`=rise+1 WHERE `id` = 8 [ RunTime:0.0010s ]

[ 2016-01-05T15:22:46+08:00 ] ::1 /myblog/index.php/Home/Code/doRise
INFO: [ app_begin ] --START--
INFO: Run Behavior\ReadHtmlCacheBehavior [ RunTime:0.000000s ]
INFO: [ app_begin ] --END-- [ RunTime:0.000976s ]
SQL: SHOW COLUMNS FROM `article` [ RunTime:0.0020s ]
SQL: UPDATE `article` SET `rise`=rise+1 WHERE `id` = 8 [ RunTime:0.0000s ]

[ 2016-01-05T15:22:48+08:00 ] ::1 /myblog/index.php/Home/Code/doRise
INFO: [ app_begin ] --START--
INFO: Run Behavior\ReadHtmlCacheBehavior [ RunTime:0.000000s ]
INFO: [ app_begin ] --END-- [ RunTime:0.000000s ]
SQL: SHOW COLUMNS FROM `article` [ RunTime:0.0029s ]
SQL: UPDATE `article` SET `rise`=rise+1 WHERE `id` = 8 [ RunTime:0.0000s ]

[ 2016-01-05T15:22:49+08:00 ] ::1 /myblog/index.php/Home/Code/doRise
INFO: [ app_begin ] --START--
INFO: Run Behavior\ReadHtmlCacheBehavior [ RunTime:0.000000s ]
INFO: [ app_begin ] --END-- [ RunTime:0.000000s ]
SQL: SHOW COLUMNS FROM `article` [ RunTime:0.0020s ]
SQL: UPDATE `article` SET `rise`=rise+1 WHERE `id` = 8 [ RunTime:0.0000s ]

[ 2016-01-05T15:22:51+08:00 ] ::1 /myblog/index.php/Home/Code/doRise
INFO: [ app_begin ] --START--
INFO: Run Behavior\ReadHtmlCacheBehavior [ RunTime:0.000977s ]
INFO: [ app_begin ] --END-- [ RunTime:0.000977s ]
SQL: SHOW COLUMNS FROM `article` [ RunTime:0.0020s ]
SQL: UPDATE `article` SET `rise`=rise+1 WHERE `id` = 8 [ RunTime:0.0010s ]

[ 2016-01-05T15:22:58+08:00 ] ::1 /myblog/index.php/Home/Code/doRise
INFO: [ app_begin ] --START--
INFO: Run Behavior\ReadHtmlCacheBehavior [ RunTime:0.000000s ]
INFO: [ app_begin ] --END-- [ RunTime:0.000976s ]
SQL: SHOW COLUMNS FROM `article` [ RunTime:0.0029s ]
SQL: UPDATE `article` SET `rise`=rise+1 WHERE `id` = 8 [ RunTime:0.0000s ]

[ 2016-01-05T15:23:10+08:00 ] ::1 /myblog/index.php/Home/Code/doRise
INFO: [ app_begin ] --START--
INFO: Run Behavior\ReadHtmlCacheBehavior [ RunTime:0.000000s ]
INFO: [ app_begin ] --END-- [ RunTime:0.000000s ]
SQL: SHOW COLUMNS FROM `article` [ RunTime:0.0029s ]
SQL: UPDATE `article` SET `rise`=rise+1 WHERE `id` = 8 [ RunTime:0.0000s ]

[ 2016-01-05T15:24:17+08:00 ] ::1 /myblog/index.php/Home/Code/doRise
INFO: [ app_begin ] --START--
INFO: Run Behavior\ReadHtmlCacheBehavior [ RunTime:0.000976s ]
INFO: [ app_begin ] --END-- [ RunTime:0.000976s ]
SQL: SHOW COLUMNS FROM `article` [ RunTime:0.0029s ]
SQL: UPDATE `article` SET `rise`=rise+1 WHERE `id` = 8 [ RunTime:0.0010s ]

[ 2016-01-05T15:24:20+08:00 ] ::1 /myblog/index.php/Home/Code/doRise
INFO: [ app_begin ] --START--
INFO: Run Behavior\ReadHtmlCacheBehavior [ RunTime:0.000977s ]
INFO: [ app_begin ] --END-- [ RunTime:0.000977s ]
SQL: SHOW COLUMNS FROM `article` [ RunTime:0.0029s ]
SQL: UPDATE `article` SET `rise`=rise+1 WHERE `id` = 8 [ RunTime:0.0000s ]

[ 2016-01-05T15:24:22+08:00 ] ::1 /myblog/index.php/Home/Code/doRise
INFO: [ app_begin ] --START--
INFO: Run Behavior\ReadHtmlCacheBehavior [ RunTime:0.000000s ]
INFO: [ app_begin ] --END-- [ RunTime:0.000977s ]
SQL: SHOW COLUMNS FROM `article` [ RunTime:0.0029s ]
SQL: UPDATE `article` SET `rise`=rise+1 WHERE `id` = 8 [ RunTime:0.0000s ]

[ 2016-01-05T15:24:25+08:00 ] ::1 /myblog/index.php/Home/Code/doRise
INFO: [ app_begin ] --START--
INFO: Run Behavior\ReadHtmlCacheBehavior [ RunTime:0.000976s ]
INFO: [ app_begin ] --END-- [ RunTime:0.000976s ]
SQL: SHOW COLUMNS FROM `article` [ RunTime:0.0029s ]
SQL: UPDATE `article` SET `rise`=rise+1 WHERE `id` = 8 [ RunTime:0.0000s ]

[ 2016-01-05T15:30:08+08:00 ] ::1 /myblog/index.php/Home/Code/doRise
INFO: [ app_begin ] --START--
INFO: Run Behavior\ReadHtmlCacheBehavior [ RunTime:0.000000s ]
INFO: [ app_begin ] --END-- [ RunTime:0.000977s ]
SQL: SHOW COLUMNS FROM `article` [ RunTime:0.0020s ]
SQL: UPDATE `article` SET `rise`=rise+1 WHERE `id` = 8 [ RunTime:0.0010s ]

[ 2016-01-05T15:30:10+08:00 ] ::1 /myblog/index.php/Home/Code/doRise
INFO: [ app_begin ] --START--
INFO: Run Behavior\ReadHtmlCacheBehavior [ RunTime:0.000000s ]
INFO: [ app_begin ] --END-- [ RunTime:0.000976s ]
SQL: SHOW COLUMNS FROM `article` [ RunTime:0.0029s ]
SQL: UPDATE `article` SET `rise`=rise+1 WHERE `id` = 8 [ RunTime:0.0000s ]

[ 2016-01-05T15:30:11+08:00 ] ::1 /myblog/index.php/Home/Code/doRise
INFO: [ app_begin ] --START--
INFO: Run Behavior\ReadHtmlCacheBehavior [ RunTime:0.000977s ]
INFO: [ app_begin ] --END-- [ RunTime:0.000977s ]
SQL: SHOW COLUMNS FROM `article` [ RunTime:0.0029s ]
SQL: UPDATE `article` SET `rise`=rise+1 WHERE `id` = 8 [ RunTime:0.0000s ]

[ 2016-01-05T15:30:12+08:00 ] ::1 /myblog/index.php/Home/Code/doRise
INFO: [ app_begin ] --START--
INFO: Run Behavior\ReadHtmlCacheBehavior [ RunTime:0.000976s ]
INFO: [ app_begin ] --END-- [ RunTime:0.000976s ]
SQL: SHOW COLUMNS FROM `article` [ RunTime:0.0029s ]
SQL: UPDATE `article` SET `rise`=rise+1 WHERE `id` = 8 [ RunTime:0.0010s ]

[ 2016-01-05T15:30:14+08:00 ] ::1 /myblog/index.php/Home/Code/doRise
INFO: [ app_begin ] --START--
INFO: Run Behavior\ReadHtmlCacheBehavior [ RunTime:0.000000s ]
INFO: [ app_begin ] --END-- [ RunTime:0.000000s ]
SQL: SHOW COLUMNS FROM `article` [ RunTime:0.0020s ]
SQL: UPDATE `article` SET `rise`=rise+1 WHERE `id` = 8 [ RunTime:0.0000s ]

[ 2016-01-05T15:30:17+08:00 ] ::1 /myblog/index.php/Home/Code/doRise
INFO: [ app_begin ] --START--
INFO: Run Behavior\ReadHtmlCacheBehavior [ RunTime:0.000000s ]
INFO: [ app_begin ] --END-- [ RunTime:0.000000s ]
SQL: SHOW COLUMNS FROM `article` [ RunTime:0.0029s ]
SQL: UPDATE `article` SET `rise`=rise+1 WHERE `id` = 8 [ RunTime:0.0000s ]

[ 2016-01-05T15:30:19+08:00 ] ::1 /myblog/index.php/Home/Code/doRise
INFO: [ app_begin ] --START--
INFO: Run Behavior\ReadHtmlCacheBehavior [ RunTime:0.000000s ]
INFO: [ app_begin ] --END-- [ RunTime:0.000000s ]
SQL: SHOW COLUMNS FROM `article` [ RunTime:0.0029s ]
SQL: UPDATE `article` SET `rise`=rise+1 WHERE `id` = 8 [ RunTime:0.0000s ]

[ 2016-01-05T15:30:20+08:00 ] ::1 /myblog/index.php/Home/Code/doRise
INFO: [ app_begin ] --START--
INFO: Run Behavior\ReadHtmlCacheBehavior [ RunTime:0.000000s ]
INFO: [ app_begin ] --END-- [ RunTime:0.000977s ]
SQL: SHOW COLUMNS FROM `article` [ RunTime:0.0029s ]
SQL: UPDATE `article` SET `rise`=rise+1 WHERE `id` = 8 [ RunTime:0.0000s ]

[ 2016-01-05T15:30:21+08:00 ] ::1 /myblog/index.php/Home/Code/doRise
INFO: [ app_begin ] --START--
INFO: Run Behavior\ReadHtmlCacheBehavior [ RunTime:0.000976s ]
INFO: [ app_begin ] --END-- [ RunTime:0.000976s ]
SQL: SHOW COLUMNS FROM `article` [ RunTime:0.0029s ]
SQL: UPDATE `article` SET `rise`=rise+1 WHERE `id` = 8 [ RunTime:0.0000s ]

[ 2016-01-05T15:30:23+08:00 ] ::1 /myblog/index.php/Home/Code/doRise
INFO: [ app_begin ] --START--
INFO: Run Behavior\ReadHtmlCacheBehavior [ RunTime:0.000000s ]
INFO: [ app_begin ] --END-- [ RunTime:0.000000s ]
SQL: SHOW COLUMNS FROM `article` [ RunTime:0.0029s ]
SQL: UPDATE `article` SET `rise`=rise+1 WHERE `id` = 8 [ RunTime:0.0000s ]

[ 2016-01-05T15:30:24+08:00 ] ::1 /myblog/index.php/Home/Code/doRise
INFO: [ app_begin ] --START--
INFO: Run Behavior\ReadHtmlCacheBehavior [ RunTime:0.000000s ]
INFO: [ app_begin ] --END-- [ RunTime:0.000000s ]
SQL: SHOW COLUMNS FROM `article` [ RunTime:0.0029s ]
SQL: UPDATE `article` SET `rise`=rise+1 WHERE `id` = 8 [ RunTime:0.0000s ]

[ 2016-01-05T15:30:25+08:00 ] ::1 /myblog/index.php/Home/Code/doRise
INFO: [ app_begin ] --START--
INFO: Run Behavior\ReadHtmlCacheBehavior [ RunTime:0.000976s ]
INFO: [ app_begin ] --END-- [ RunTime:0.000976s ]
SQL: SHOW COLUMNS FROM `article` [ RunTime:0.0020s ]
SQL: UPDATE `article` SET `rise`=rise+1 WHERE `id` = 8 [ RunTime:0.0000s ]

[ 2016-01-05T15:30:29+08:00 ] ::1 /myblog/index.php/Home/Code/doRise
INFO: [ app_begin ] --START--
INFO: Run Behavior\ReadHtmlCacheBehavior [ RunTime:0.000000s ]
INFO: [ app_begin ] --END-- [ RunTime:0.000000s ]
SQL: SHOW COLUMNS FROM `article` [ RunTime:0.0029s ]
SQL: UPDATE `article` SET `rise`=rise+1 WHERE `id` = 8 [ RunTime:0.0000s ]

[ 2016-01-05T15:30:30+08:00 ] ::1 /myblog/index.php/Home/Code/doRise
INFO: [ app_begin ] --START--
INFO: Run Behavior\ReadHtmlCacheBehavior [ RunTime:0.000000s ]
INFO: [ app_begin ] --END-- [ RunTime:0.000000s ]
SQL: SHOW COLUMNS FROM `article` [ RunTime:0.0029s ]
SQL: UPDATE `article` SET `rise`=rise+1 WHERE `id` = 8 [ RunTime:0.0000s ]

[ 2016-01-05T15:30:32+08:00 ] ::1 /myblog/index.php/Home/Code/doRise
INFO: [ app_begin ] --START--
INFO: Run Behavior\ReadHtmlCacheBehavior [ RunTime:0.000000s ]
INFO: [ app_begin ] --END-- [ RunTime:0.000000s ]
SQL: SHOW COLUMNS FROM `article` [ RunTime:0.0029s ]
SQL: UPDATE `article` SET `rise`=rise+1 WHERE `id` = 8 [ RunTime:0.0010s ]

[ 2016-01-05T15:30:38+08:00 ] ::1 /myblog/index.php/Home/Code/doRise
INFO: [ app_begin ] --START--
INFO: Run Behavior\ReadHtmlCacheBehavior [ RunTime:0.000977s ]
INFO: [ app_begin ] --END-- [ RunTime:0.000977s ]
SQL: SHOW COLUMNS FROM `article` [ RunTime:0.0039s ]
SQL: UPDATE `article` SET `rise`=rise+1 WHERE `id` = 8 [ RunTime:0.0000s ]

[ 2016-01-05T15:30:40+08:00 ] ::1 /myblog/index.php/Home/Code/doRise
INFO: [ app_begin ] --START--
INFO: Run Behavior\ReadHtmlCacheBehavior [ RunTime:0.000000s ]
INFO: [ app_begin ] --END-- [ RunTime:0.000976s ]
SQL: SHOW COLUMNS FROM `article` [ RunTime:0.0029s ]
SQL: UPDATE `article` SET `rise`=rise+1 WHERE `id` = 8 [ RunTime:0.0000s ]

[ 2016-01-05T15:31:36+08:00 ] ::1 /myblog/index.php/Home/Code/doRise
INFO: [ app_begin ] --START--
INFO: Run Behavior\ReadHtmlCacheBehavior [ RunTime:0.000977s ]
INFO: [ app_begin ] --END-- [ RunTime:0.000977s ]
SQL: SHOW COLUMNS FROM `article` [ RunTime:0.0029s ]
SQL: UPDATE `article` SET `rise`=rise+1 WHERE `id` = 8 [ RunTime:0.0010s ]

[ 2016-01-05T15:32:56+08:00 ] ::1 /myblog/index.php/Home/Code/doRise
INFO: [ app_begin ] --START--
INFO: Run Behavior\ReadHtmlCacheBehavior [ RunTime:0.000000s ]
INFO: [ app_begin ] --END-- [ RunTime:0.000976s ]
SQL: SHOW COLUMNS FROM `article` [ RunTime:0.0029s ]
SQL: UPDATE `article` SET `rise`=rise+1 WHERE `id` = 8 [ RunTime:0.0000s ]

[ 2016-01-05T15:32:58+08:00 ] ::1 /myblog/index.php/Home/Code/doRise
INFO: [ app_begin ] --START--
INFO: Run Behavior\ReadHtmlCacheBehavior [ RunTime:0.000977s ]
INFO: [ app_begin ] --END-- [ RunTime:0.000977s ]
SQL: SHOW COLUMNS FROM `article` [ RunTime:0.0029s ]
SQL: UPDATE `article` SET `rise`=rise+1 WHERE `id` = 8 [ RunTime:0.0000s ]

[ 2016-01-05T15:33:00+08:00 ] ::1 /myblog/index.php/Home/Code/doRise
INFO: [ app_begin ] --START--
INFO: Run Behavior\ReadHtmlCacheBehavior [ RunTime:0.000977s ]
INFO: [ app_begin ] --END-- [ RunTime:0.000977s ]
SQL: SHOW COLUMNS FROM `article` [ RunTime:0.0029s ]
SQL: UPDATE `article` SET `rise`=rise+1 WHERE `id` = 8 [ RunTime:0.0000s ]

[ 2016-01-05T15:33:01+08:00 ] ::1 /myblog/index.php/Home/Code/doRise
INFO: [ app_begin ] --START--
INFO: Run Behavior\ReadHtmlCacheBehavior [ RunTime:0.000000s ]
INFO: [ app_begin ] --END-- [ RunTime:0.000976s ]
SQL: SHOW COLUMNS FROM `article` [ RunTime:0.0029s ]
SQL: UPDATE `article` SET `rise`=rise+1 WHERE `id` = 8 [ RunTime:0.0000s ]

[ 2016-01-05T15:33:02+08:00 ] ::1 /myblog/index.php/Home/Code/doRise
INFO: [ app_begin ] --START--
INFO: Run Behavior\ReadHtmlCacheBehavior [ RunTime:0.000000s ]
INFO: [ app_begin ] --END-- [ RunTime:0.000976s ]
SQL: SHOW COLUMNS FROM `article` [ RunTime:0.0029s ]
SQL: UPDATE `article` SET `rise`=rise+1 WHERE `id` = 8 [ RunTime:0.0010s ]

[ 2016-01-05T15:33:03+08:00 ] ::1 /myblog/index.php/Home/Code/doRise
INFO: [ app_begin ] --START--
INFO: Run Behavior\ReadHtmlCacheBehavior [ RunTime:0.000976s ]
INFO: [ app_begin ] --END-- [ RunTime:0.000976s ]
SQL: SHOW COLUMNS FROM `article` [ RunTime:0.0020s ]
SQL: UPDATE `article` SET `rise`=rise+1 WHERE `id` = 8 [ RunTime:0.0000s ]

[ 2016-01-05T15:34:13+08:00 ] ::1 /myblog/index.php/Home/Code/doRise
INFO: [ app_begin ] --START--
INFO: Run Behavior\ReadHtmlCacheBehavior [ RunTime:0.000000s ]
INFO: [ app_begin ] --END-- [ RunTime:0.000000s ]
SQL: SHOW COLUMNS FROM `article` [ RunTime:0.0029s ]
SQL: UPDATE `article` SET `rise`=rise+1 WHERE `id` = 8 [ RunTime:0.0000s ]

[ 2016-01-05T15:34:15+08:00 ] ::1 /myblog/index.php/Home/Code/doRise
INFO: [ app_begin ] --START--
INFO: Run Behavior\ReadHtmlCacheBehavior [ RunTime:0.000000s ]
INFO: [ app_begin ] --END-- [ RunTime:0.000977s ]
SQL: SHOW COLUMNS FROM `article` [ RunTime:0.0029s ]
SQL: UPDATE `article` SET `rise`=rise+1 WHERE `id` = 8 [ RunTime:0.0000s ]

[ 2016-01-05T15:34:16+08:00 ] ::1 /myblog/index.php/Home/Code/doRise
INFO: [ app_begin ] --START--
INFO: Run Behavior\ReadHtmlCacheBehavior [ RunTime:0.000000s ]
INFO: [ app_begin ] --END-- [ RunTime:0.000000s ]
SQL: SHOW COLUMNS FROM `article` [ RunTime:0.0029s ]
SQL: UPDATE `article` SET `rise`=rise+1 WHERE `id` = 8 [ RunTime:0.0000s ]

[ 2016-01-05T15:34:37+08:00 ] ::1 /myblog/index.php/Home/Code/doRise
INFO: [ app_begin ] --START--
INFO: Run Behavior\ReadHtmlCacheBehavior [ RunTime:0.000977s ]
INFO: [ app_begin ] --END-- [ RunTime:0.000977s ]
SQL: SHOW COLUMNS FROM `article` [ RunTime:0.0029s ]
SQL: UPDATE `article` SET `rise`=rise+1 WHERE `id` = 8 [ RunTime:0.0000s ]

[ 2016-01-05T15:34:39+08:00 ] ::1 /myblog/index.php/Home/Code/doRise
INFO: [ app_begin ] --START--
INFO: Run Behavior\ReadHtmlCacheBehavior [ RunTime:0.000000s ]
INFO: [ app_begin ] --END-- [ RunTime:0.000000s ]
SQL: SHOW COLUMNS FROM `article` [ RunTime:0.0029s ]
SQL: UPDATE `article` SET `rise`=rise+1 WHERE `id` = 8 [ RunTime:0.0000s ]

[ 2016-01-05T15:34:41+08:00 ] ::1 /myblog/index.php/Home/Code/doRise
INFO: [ app_begin ] --START--
INFO: Run Behavior\ReadHtmlCacheBehavior [ RunTime:0.000000s ]
INFO: [ app_begin ] --END-- [ RunTime:0.000977s ]
SQL: SHOW COLUMNS FROM `article` [ RunTime:0.0020s ]
SQL: UPDATE `article` SET `rise`=rise+1 WHERE `id` = 8 [ RunTime:0.0000s ]

[ 2016-01-05T15:36:38+08:00 ] ::1 /myblog/index.php/Home/Code/doRise
INFO: [ app_begin ] --START--
INFO: Run Behavior\ReadHtmlCacheBehavior [ RunTime:0.000000s ]
INFO: [ app_begin ] --END-- [ RunTime:0.000977s ]
SQL: SHOW COLUMNS FROM `article` [ RunTime:0.0029s ]
SQL: UPDATE `article` SET `rise`=rise+1 WHERE `id` = 8 [ RunTime:0.0000s ]

[ 2016-01-05T15:36:39+08:00 ] ::1 /myblog/index.php/Home/Code/doRise
INFO: [ app_begin ] --START--
INFO: Run Behavior\ReadHtmlCacheBehavior [ RunTime:0.000000s ]
INFO: [ app_begin ] --END-- [ RunTime:0.000000s ]

[ 2016-01-05T15:36:41+08:00 ] ::1 /myblog/index.php/Home/Code/doRise
INFO: [ app_begin ] --START--
INFO: Run Behavior\ReadHtmlCacheBehavior [ RunTime:0.000000s ]
INFO: [ app_begin ] --END-- [ RunTime:0.000000s ]

[ 2016-01-05T15:36:44+08:00 ] ::1 /myblog/index.php/Home/Code/doRise
INFO: [ app_begin ] --START--
INFO: Run Behavior\ReadHtmlCacheBehavior [ RunTime:0.000976s ]
INFO: [ app_begin ] --END-- [ RunTime:0.000976s ]

[ 2016-01-05T15:36:47+08:00 ] ::1 /myblog/index.php/Home/Code/doRise
INFO: [ app_begin ] --START--
INFO: Run Behavior\ReadHtmlCacheBehavior [ RunTime:0.000000s ]
INFO: [ app_begin ] --END-- [ RunTime:0.000976s ]

[ 2016-01-05T15:36:49+08:00 ] ::1 /myblog/index.php/Home/Code/doRise
INFO: [ app_begin ] --START--
INFO: Run Behavior\ReadHtmlCacheBehavior [ RunTime:0.000976s ]
INFO: [ app_begin ] --END-- [ RunTime:0.000976s ]

[ 2016-01-05T15:36:50+08:00 ] ::1 /myblog/index.php/Home/Code/doRise
INFO: [ app_begin ] --START--
INFO: Run Behavior\ReadHtmlCacheBehavior [ RunTime:0.000000s ]
INFO: [ app_begin ] --END-- [ RunTime:0.000976s ]

[ 2016-01-05T15:36:54+08:00 ] ::1 /myblog/index.php/Home/Code/doRise
INFO: [ app_begin ] --START--
INFO: Run Behavior\ReadHtmlCacheBehavior [ RunTime:0.000977s ]
INFO: [ app_begin ] --END-- [ RunTime:0.000977s ]

[ 2016-01-05T15:45:12+08:00 ] ::1 /myblog/index.php/Home/Code/doRise
INFO: [ app_begin ] --START--
INFO: Run Behavior\ReadHtmlCacheBehavior [ RunTime:0.000977s ]
INFO: [ app_begin ] --END-- [ RunTime:0.000977s ]

[ 2016-01-05T16:43:12+08:00 ] ::1 /myblog/index.php/Home/Code/doRise
INFO: [ app_begin ] --START--
INFO: Run Behavior\ReadHtmlCacheBehavior [ RunTime:0.000977s ]
INFO: [ app_begin ] --END-- [ RunTime:0.000977s ]
SQL: SHOW COLUMNS FROM `article` [ RunTime:0.0029s ]
SQL: UPDATE `article` SET `rise`=rise+1 WHERE `id` = 6 [ RunTime:0.0000s ]

[ 2016-01-05T16:43:12+08:00 ] ::1 /myblog/index.php/Home/Code/doRise
INFO: [ app_begin ] --START--
INFO: Run Behavior\ReadHtmlCacheBehavior [ RunTime:0.000000s ]
INFO: [ app_begin ] --END-- [ RunTime:0.000000s ]

[ 2016-01-05T17:03:24+08:00 ] ::1 /myblog/index.php/Home/Code/doRise
INFO: [ app_begin ] --START--
INFO: Run Behavior\ReadHtmlCacheBehavior [ RunTime:0.000977s ]
INFO: [ app_begin ] --END-- [ RunTime:0.000977s ]

[ 2016-01-05T17:05:06+08:00 ] ::1 /myblog/index.php/Home/Code/doRise
INFO: [ app_begin ] --START--
INFO: Run Behavior\ReadHtmlCacheBehavior [ RunTime:0.000000s ]
INFO: [ app_begin ] --END-- [ RunTime:0.000976s ]

[ 2016-01-05T17:06:57+08:00 ] ::1 /myblog/index.php/Home/Code/doRise
INFO: [ app_begin ] --START--
INFO: Run Behavior\ReadHtmlCacheBehavior [ RunTime:0.000977s ]
INFO: [ app_begin ] --END-- [ RunTime:0.000977s ]

[ 2016-01-05T17:13:58+08:00 ] ::1 /myblog/index.php/Home/Code/doRise
INFO: [ app_begin ] --START--
INFO: Run Behavior\ReadHtmlCacheBehavior [ RunTime:0.000977s ]
INFO: [ app_begin ] --END-- [ RunTime:0.000977s ]

[ 2016-01-05T17:14:00+08:00 ] ::1 /myblog/index.php/Home/Code/doRise
INFO: [ app_begin ] --START--
INFO: Run Behavior\ReadHtmlCacheBehavior [ RunTime:0.000977s ]
INFO: [ app_begin ] --END-- [ RunTime:0.000977s ]

[ 2016-01-05T17:14:02+08:00 ] ::1 /myblog/index.php/Home/Code/doRise
INFO: [ app_begin ] --START--
INFO: Run Behavior\ReadHtmlCacheBehavior [ RunTime:0.000000s ]
INFO: [ app_begin ] --END-- [ RunTime:0.000977s ]

[ 2016-01-05T17:14:03+08:00 ] ::1 /myblog/index.php/Home/Code/doRise
INFO: [ app_begin ] --START--
INFO: Run Behavior\ReadHtmlCacheBehavior [ RunTime:0.000977s ]
INFO: [ app_begin ] --END-- [ RunTime:0.000977s ]

