[ 2016-01-06T08:38:43+08:00 ] ::1 /myblog/index.php/Home/Code/doRise
INFO: [ app_begin ] --START--
INFO: Run Behavior\ReadHtmlCacheBehavior [ RunTime:0.000000s ]
INFO: [ app_begin ] --END-- [ RunTime:0.000000s ]
SQL: SHOW COLUMNS FROM `article` [ RunTime:0.0029s ]
SQL: UPDATE `article` SET `rise`=rise+1 WHERE `id` = 8 [ RunTime:0.0000s ]

[ 2016-01-06T08:38:43+08:00 ] ::1 /myblog/index.php/Home/Code/doRise
INFO: [ app_begin ] --START--
INFO: Run Behavior\ReadHtmlCacheBehavior [ RunTime:0.000976s ]
INFO: [ app_begin ] --END-- [ RunTime:0.000976s ]

[ 2016-01-06T08:38:47+08:00 ] ::1 /myblog/index.php/Home/Code/doRise
INFO: [ app_begin ] --START--
INFO: Run Behavior\ReadHtmlCacheBehavior [ RunTime:0.000977s ]
INFO: [ app_begin ] --END-- [ RunTime:0.000977s ]

[ 2016-01-06T08:38:49+08:00 ] ::1 /myblog/index.php/Home/Code/doRise
INFO: [ app_begin ] --START--
INFO: Run Behavior\ReadHtmlCacheBehavior [ RunTime:0.000000s ]
INFO: [ app_begin ] --END-- [ RunTime:0.000000s ]

[ 2016-01-06T11:35:44+08:00 ] ::1 /myblog/index.php/Home/Index
ERR: SQLSTATE[42S22]: Column not found: 1054 Unknown column 'cname.id' in 'field list'

[ 2016-01-06T11:42:59+08:00 ] ::1 /myblog/index.php/Home/Index
ERR: 表达式错误:暴雪

[ 2016-01-06T11:43:41+08:00 ] ::1 /myblog/index.php/Home/Index
ERR: 表达式错误:魔兽

[ 2016-01-06T11:44:36+08:00 ] ::1 /myblog/index.php/Home/Index
ERR: SQLSTATE[42000]: Syntax error or access violation: 1064 You have an error in your SQL syntax; check the manual that corresponds to your MySQL server version for the right syntax to use near '暗黑破坏神' )' at line 1

[ 2016-01-06T14:44:10+08:00 ] ::1 /myblog/index.php/Home/Code/doRise
INFO: [ app_begin ] --START--
INFO: Run Behavior\ReadHtmlCacheBehavior [ RunTime:0.000000s ]
INFO: [ app_begin ] --END-- [ RunTime:0.000976s ]
SQL: SHOW COLUMNS FROM `article` [ RunTime:0.0029s ]
SQL: UPDATE `article` SET `rise`=rise+1 WHERE `id` = 14 [ RunTime:0.0010s ]

[ 2016-01-06T14:44:13+08:00 ] ::1 /myblog/index.php/Home/Code/doRise
INFO: [ app_begin ] --START--
INFO: Run Behavior\ReadHtmlCacheBehavior [ RunTime:0.000977s ]
INFO: [ app_begin ] --END-- [ RunTime:0.000977s ]

[ 2016-01-06T14:45:49+08:00 ] ::1 /myblog/index.php/Home/Code/doRise
INFO: [ app_begin ] --START--
INFO: Run Behavior\ReadHtmlCacheBehavior [ RunTime:0.000977s ]
INFO: [ app_begin ] --END-- [ RunTime:0.000977s ]

[ 2016-01-06T15:13:56+08:00 ] ::1 /myblog/index.php/Home/Code/doRise
INFO: [ app_begin ] --START--
INFO: Run Behavior\ReadHtmlCacheBehavior [ RunTime:0.000000s ]
INFO: [ app_begin ] --END-- [ RunTime:0.000977s ]

[ 2016-01-06T15:13:58+08:00 ] ::1 /myblog/index.php/Home/Code/doRise
INFO: [ app_begin ] --START--
INFO: Run Behavior\ReadHtmlCacheBehavior [ RunTime:0.000977s ]
INFO: [ app_begin ] --END-- [ RunTime:0.000977s ]

