[ 2016-01-12T15:30:09+08:00 ] ::1 /myblog/Public/images/shanzhijing
ERR: 无法加载模块:Public

[ 2016-01-12T15:30:09+08:00 ] ::1 /myblog/Public/images/shanzhijing
ERR: 无法加载模块:Public

[ 2016-01-12T17:19:37+08:00 ] ::1 /myblog/blog
ERR: 无法加载模块:Blog

[ 2016-01-12T17:19:49+08:00 ] ::1 /myblog/blog
ERR: 无法加载模块:Blog

[ 2016-01-12T17:19:57+08:00 ] ::1 /myblog/index.php/blog
ERR: 无法加载模块:Blog

[ 2016-01-12T17:25:07+08:00 ] ::1 /myblog/index.php/Code/1
ERR: 无法加载模块:Code

[ 2016-01-12T17:26:52+08:00 ] ::1 /myblog/code/1
ERR: 无法加载模块:Code

[ 2016-01-12T17:27:23+08:00 ] ::1 /myblog/Code/1
ERR: 无法加载模块:Code

[ 2016-01-12T17:32:53+08:00 ] ::1 /myblog/Code/7
ERR: 无法加载模块:Code

[ 2016-01-12T17:32:56+08:00 ] ::1 /myblog/Code/
ERR: 无法加载模块:Code

[ 2016-01-12T17:32:59+08:00 ] ::1 /myblog/Code/
ERR: 无法加载模块:Code

[ 2016-01-12T17:33:11+08:00 ] ::1 /myblog/Code/1
ERR: 无法加载模块:Code

[ 2016-01-12T17:33:21+08:00 ] ::1 /myblog/Code/1
ERR: 无法加载模块:Code

[ 2016-01-12T17:33:22+08:00 ] ::1 /myblog/Code/1
ERR: 无法加载模块:Code

[ 2016-01-12T17:33:22+08:00 ] ::1 /myblog/Code/1
ERR: 无法加载模块:Code

[ 2016-01-12T17:33:23+08:00 ] ::1 /myblog/Code/1
ERR: 无法加载模块:Code

[ 2016-01-12T17:33:23+08:00 ] ::1 /myblog/Code/1
ERR: 无法加载模块:Code

[ 2016-01-12T17:33:40+08:00 ] ::1 /myblog/Code/1
ERR: 无法加载模块:Code

[ 2016-01-12T17:33:41+08:00 ] ::1 /myblog/Code/1
ERR: 无法加载模块:Code

[ 2016-01-12T17:33:41+08:00 ] ::1 /myblog/Code/1
ERR: 无法加载模块:Code

[ 2016-01-12T17:33:41+08:00 ] ::1 /myblog/Code/1
ERR: 无法加载模块:Code

[ 2016-01-12T17:33:42+08:00 ] ::1 /myblog/Code/1
ERR: 无法加载模块:Code

[ 2016-01-12T17:33:42+08:00 ] ::1 /myblog/Code/1
ERR: 无法加载模块:Code

[ 2016-01-12T17:33:42+08:00 ] ::1 /myblog/Code/1
ERR: 无法加载模块:Code

[ 2016-01-12T17:33:42+08:00 ] ::1 /myblog/Code/1
ERR: 无法加载模块:Code

[ 2016-01-12T17:33:42+08:00 ] ::1 /myblog/Code/1
ERR: 无法加载模块:Code

[ 2016-01-12T17:33:42+08:00 ] ::1 /myblog/Code/1
ERR: 无法加载模块:Code

[ 2016-01-12T17:33:43+08:00 ] ::1 /myblog/Code/1
ERR: 无法加载模块:Code

[ 2016-01-12T17:33:43+08:00 ] ::1 /myblog/Code/1
ERR: 无法加载模块:Code

[ 2016-01-12T17:33:43+08:00 ] ::1 /myblog/Code/1
ERR: 无法加载模块:Code

[ 2016-01-12T17:33:47+08:00 ] ::1 /myblog/Code/1
ERR: 无法加载模块:Code

[ 2016-01-12T17:33:48+08:00 ] ::1 /myblog/Code/1
ERR: 无法加载模块:Code

[ 2016-01-12T17:33:48+08:00 ] ::1 /myblog/Code/1
ERR: 无法加载模块:Code

[ 2016-01-12T17:34:02+08:00 ] ::1 /myblog/Code/1
ERR: 无法加载模块:Code

[ 2016-01-12T17:34:13+08:00 ] ::1 /myblog/Code/1
ERR: 无法加载模块:Code

[ 2016-01-12T17:35:51+08:00 ] ::1 /myblog/Code/1
ERR: 无法加载模块:Code

[ 2016-01-12T17:35:52+08:00 ] ::1 /myblog/Code/1
ERR: 无法加载模块:Code

[ 2016-01-12T17:35:52+08:00 ] ::1 /myblog/Code/1
ERR: 无法加载模块:Code

[ 2016-01-12T17:35:52+08:00 ] ::1 /myblog/Code/1
ERR: 无法加载模块:Code

[ 2016-01-12T17:37:52+08:00 ] ::1 /myblog/Code/1
ERR: 无法加载模块:Code

[ 2016-01-12T17:38:10+08:00 ] ::1 /myblog/Code/1
ERR: 无法加载模块:Code

[ 2016-01-12T17:38:40+08:00 ] ::1 /myblog/Code/id
ERR: 无法加载模块:Code

[ 2016-01-12T17:38:45+08:00 ] ::1 /myblog/Code/1
ERR: 无法加载模块:Code

[ 2016-01-12T17:39:13+08:00 ] ::1 /myblog/Code/1
ERR: 无法加载模块:Code

[ 2016-01-12T17:49:22+08:00 ] ::1 /myblog/Code/1
ERR: 无法加载模块:Code

[ 2016-01-12T17:49:23+08:00 ] ::1 /myblog/Code/1
ERR: 无法加载模块:Code

[ 2016-01-12T17:49:24+08:00 ] ::1 /myblog/Code/1
ERR: 无法加载模块:Code

[ 2016-01-12T17:49:24+08:00 ] ::1 /myblog/Code/1
ERR: 无法加载模块:Code

[ 2016-01-12T17:49:37+08:00 ] ::1 /myblog/index.php/Code/1
ERR: 无法加载模块:Code

[ 2016-01-12T17:49:39+08:00 ] ::1 /myblog/index.php/Code/1
ERR: 无法加载模块:Code

[ 2016-01-12T17:49:39+08:00 ] ::1 /myblog/index.php/Code/1
ERR: 无法加载模块:Code

[ 2016-01-12T17:49:39+08:00 ] ::1 /myblog/index.php/Code/1
ERR: 无法加载模块:Code

[ 2016-01-12T17:52:29+08:00 ] ::1 /myblog/Code
ERR: 无法加载模块:Code

[ 2016-01-12T17:52:33+08:00 ] ::1 /myblog/Code
ERR: 无法加载模块:Code

[ 2016-01-12T17:52:57+08:00 ] ::1 /myblog/Code/3
ERR: 无法加载模块:Code

[ 2016-01-12T17:53:23+08:00 ] ::1 /myblog/Code/1
ERR: 无法加载模块:Code

[ 2016-01-12T17:53:57+08:00 ] ::1 /myblog/Code/1
ERR: 无法加载模块:Code

[ 2016-01-12T17:54:11+08:00 ] ::1 /myblog/Code/code/
ERR: 无法加载模块:Code

[ 2016-01-12T17:54:12+08:00 ] ::1 /myblog/Code/code
ERR: 无法加载模块:Code

[ 2016-01-12T17:54:14+08:00 ] ::1 /myblog/Code/3
ERR: 无法加载模块:Code

[ 2016-01-12T17:54:14+08:00 ] ::1 /myblog/Code/2
ERR: 无法加载模块:Code

[ 2016-01-12T17:54:16+08:00 ] ::1 /myblog/Code/1
ERR: 无法加载模块:Code

[ 2016-01-12T17:55:14+08:00 ] ::1 /myblog/Code/1
ERR: 无法加载模块:Code

[ 2016-01-12T17:55:26+08:00 ] ::1 /myblog/Code/1
ERR: 无法加载模块:Code

[ 2016-01-12T17:55:30+08:00 ] ::1 /myblog/Code/1
ERR: 无法加载模块:Code

[ 2016-01-12T17:55:30+08:00 ] ::1 /myblog/Code/1
ERR: 无法加载模块:Code

[ 2016-01-12T17:55:30+08:00 ] ::1 /myblog/Code/1
ERR: 无法加载模块:Code

[ 2016-01-12T17:55:42+08:00 ] ::1 /myblog/Code/1
ERR: 无法加载模块:Code

[ 2016-01-12T17:55:43+08:00 ] ::1 /myblog/Code/1
ERR: 无法加载模块:Code

[ 2016-01-12T17:55:43+08:00 ] ::1 /myblog/Code/1
ERR: 无法加载模块:Code

[ 2016-01-12T17:55:43+08:00 ] ::1 /myblog/Code/1
ERR: 无法加载模块:Code

[ 2016-01-12T17:55:46+08:00 ] ::1 /myblog/index.php/Code/1
ERR: 无法加载模块:Code

[ 2016-01-12T17:55:46+08:00 ] ::1 /myblog/index.php/Code/1
ERR: 无法加载模块:Code

[ 2016-01-12T17:55:46+08:00 ] ::1 /myblog/index.php/Code/1
ERR: 无法加载模块:Code

[ 2016-01-12T17:55:46+08:00 ] ::1 /myblog/index.php/Code/1
ERR: 无法加载模块:Code

[ 2016-01-12T17:55:47+08:00 ] ::1 /myblog/index.php/Code/1
ERR: 无法加载模块:Code

[ 2016-01-12T17:55:47+08:00 ] ::1 /myblog/index.php/Code/1
ERR: 无法加载模块:Code

[ 2016-01-12T17:55:47+08:00 ] ::1 /myblog/index.php/Code/1
ERR: 无法加载模块:Code

[ 2016-01-12T17:57:42+08:00 ] ::1 /myblog/Code/1
ERR: 无法加载模块:Code

[ 2016-01-12T17:57:50+08:00 ] ::1 /myblog/Code/1
ERR: 无法加载模块:Code

[ 2016-01-12T17:57:51+08:00 ] ::1 /myblog/Code/1
ERR: 无法加载模块:Code

[ 2016-01-12T17:57:52+08:00 ] ::1 /myblog/Code/1
ERR: 无法加载模块:Code

[ 2016-01-12T17:57:52+08:00 ] ::1 /myblog/Code/1
ERR: 无法加载模块:Code

[ 2016-01-12T17:57:52+08:00 ] ::1 /myblog/Code/1
ERR: 无法加载模块:Code

[ 2016-01-12T17:57:52+08:00 ] ::1 /myblog/Code/1
ERR: 无法加载模块:Code

[ 2016-01-12T17:57:52+08:00 ] ::1 /myblog/Code/1
ERR: 无法加载模块:Code

[ 2016-01-12T17:57:52+08:00 ] ::1 /myblog/Code/1
ERR: 无法加载模块:Code

[ 2016-01-12T17:57:53+08:00 ] ::1 /myblog/Code/1
ERR: 无法加载模块:Code

[ 2016-01-12T17:57:53+08:00 ] ::1 /myblog/Code/1
ERR: 无法加载模块:Code

[ 2016-01-12T17:57:53+08:00 ] ::1 /myblog/Code/1
ERR: 无法加载模块:Code

[ 2016-01-12T17:58:19+08:00 ] ::1 /myblog/Code/1
ERR: 无法加载模块:Code

[ 2016-01-12T17:58:26+08:00 ] ::1 /myblog/Code/1
ERR: 无法加载模块:Code

[ 2016-01-12T17:58:32+08:00 ] ::1 /myblog/Code/1
ERR: 无法加载模块:Code

[ 2016-01-12T17:58:32+08:00 ] ::1 /myblog/Code/1
ERR: 无法加载模块:Code

[ 2016-01-12T17:58:32+08:00 ] ::1 /myblog/Code/1
ERR: 无法加载模块:Code

[ 2016-01-12T17:58:33+08:00 ] ::1 /myblog/Code/1
ERR: 无法加载模块:Code

[ 2016-01-12T17:58:33+08:00 ] ::1 /myblog/Code/1
ERR: 无法加载模块:Code

[ 2016-01-12T17:58:38+08:00 ] ::1 /myblog/Code/1
ERR: 无法加载模块:Code

[ 2016-01-12T17:58:38+08:00 ] ::1 /myblog/Code/1
ERR: 无法加载模块:Code

[ 2016-01-12T17:58:38+08:00 ] ::1 /myblog/Code/1
ERR: 无法加载模块:Code

[ 2016-01-12T17:58:41+08:00 ] ::1 /myblog/Code/2
ERR: 无法加载模块:Code

