[ 2016-01-13T09:17:33+08:00 ] ::1 /myblog/index.php/Code/1
ERR: 无法加载模块:Code

[ 2016-01-13T09:17:35+08:00 ] ::1 /myblog/index.php/Code/1
ERR: 无法加载模块:Code

[ 2016-01-13T09:17:35+08:00 ] ::1 /myblog/index.php/Code/1
ERR: 无法加载模块:Code

[ 2016-01-13T09:17:35+08:00 ] ::1 /myblog/index.php/Code/1
ERR: 无法加载模块:Code

[ 2016-01-13T09:18:13+08:00 ] ::1 /myblog/index.php/Code/1
ERR: 无法加载模块:Code

[ 2016-01-13T09:18:47+08:00 ] ::1 /myblog/index.php/Code/1
ERR: 无法加载模块:Code

[ 2016-01-13T09:19:16+08:00 ] ::1 /myblog/index.php/Code/2
ERR: 无法加载模块:Code

[ 2016-01-13T09:19:17+08:00 ] ::1 /myblog/index.php/Code/2
ERR: 无法加载模块:Code

[ 2016-01-13T09:19:18+08:00 ] ::1 /myblog/index.php/Code/2
ERR: 无法加载模块:Code

[ 2016-01-13T09:19:18+08:00 ] ::1 /myblog/index.php/Code/2
ERR: 无法加载模块:Code

[ 2016-01-13T09:19:18+08:00 ] ::1 /myblog/index.php/Code/2
ERR: 无法加载模块:Code

[ 2016-01-13T09:23:29+08:00 ] ::1 /myblog/index.php/Code/2
ERR: 无法加载模块:Code

[ 2016-01-13T09:23:30+08:00 ] ::1 /myblog/index.php/Code/2
ERR: 无法加载模块:Code

[ 2016-01-13T09:23:30+08:00 ] ::1 /myblog/index.php/Code/2
ERR: 无法加载模块:Code

[ 2016-01-13T09:23:31+08:00 ] ::1 /myblog/index.php/Code/2
ERR: 无法加载模块:Code

[ 2016-01-13T09:23:31+08:00 ] ::1 /myblog/index.php/Code/2
ERR: 无法加载模块:Code

[ 2016-01-13T09:23:31+08:00 ] ::1 /myblog/index.php/Code/2
ERR: 无法加载模块:Code

[ 2016-01-13T09:23:31+08:00 ] ::1 /myblog/index.php/Code/2
ERR: 无法加载模块:Code

[ 2016-01-13T09:23:40+08:00 ] ::1 /myblog/index.php/Code/2
ERR: 无法加载模块:Code

[ 2016-01-13T09:23:40+08:00 ] ::1 /myblog/index.php/Code/2
ERR: 无法加载模块:Code

[ 2016-01-13T09:23:41+08:00 ] ::1 /myblog/index.php/Code/2
ERR: 无法加载模块:Code

[ 2016-01-13T09:23:41+08:00 ] ::1 /myblog/index.php/Code/2
ERR: 无法加载模块:Code

[ 2016-01-13T09:24:32+08:00 ] ::1 /myblog/index.php/nana/1
ERR: 无法加载模块:Nana

[ 2016-01-13T09:24:41+08:00 ] ::1 /myblog/index.php/nana/1
ERR: 无法加载模块:Index

[ 2016-01-13T09:25:06+08:00 ] ::1 /myblog/index.php/nana/1
ERR: 无法加载模块:Index

[ 2016-01-13T09:25:11+08:00 ] ::1 /myblog/index.php/nana/1
ERR: 无法加载模块:Index

[ 2016-01-13T09:25:11+08:00 ] ::1 /myblog/index.php/nana/1
ERR: 无法加载模块:Index

[ 2016-01-13T09:25:12+08:00 ] ::1 /myblog/index.php/nana/1
ERR: 无法加载模块:Index

[ 2016-01-13T09:25:12+08:00 ] ::1 /myblog/index.php/nana/1
ERR: 无法加载模块:Index

[ 2016-01-13T09:26:06+08:00 ] ::1 /myblog/index.php/nana/1
ERR: 无法加载模块:Nana

[ 2016-01-13T09:26:09+08:00 ] ::1 /myblog/index.php/nana/1
ERR: 无法加载模块:Nana

[ 2016-01-13T09:26:09+08:00 ] ::1 /myblog/index.php/nana/1
ERR: 无法加载模块:Nana

[ 2016-01-13T09:26:10+08:00 ] ::1 /myblog/index.php/nana/1
ERR: 无法加载模块:Nana

[ 2016-01-13T09:26:10+08:00 ] ::1 /myblog/index.php/nana/1
ERR: 无法加载模块:Nana

[ 2016-01-13T09:26:10+08:00 ] ::1 /myblog/index.php/nana/1
ERR: 无法加载模块:Nana

[ 2016-01-13T09:26:10+08:00 ] ::1 /myblog/index.php/nana/1
ERR: 无法加载模块:Nana

[ 2016-01-13T09:26:15+08:00 ] ::1 /myblog/index.php/nana/1
ERR: 无法加载模块:Nana

[ 2016-01-13T09:26:16+08:00 ] ::1 /myblog/index.php/nana/1
ERR: 无法加载模块:Nana

[ 2016-01-13T09:26:16+08:00 ] ::1 /myblog/index.php/nana/1
ERR: 无法加载模块:Nana

[ 2016-01-13T09:26:16+08:00 ] ::1 /myblog/index.php/nana/1
ERR: 无法加载模块:Nana

[ 2016-01-13T09:26:22+08:00 ] ::1 /myblog/index.php/nana/1
ERR: 无法加载模块:Nana

[ 2016-01-13T09:26:22+08:00 ] ::1 /myblog/index.php/nana/1
ERR: 无法加载模块:Nana

[ 2016-01-13T09:26:22+08:00 ] ::1 /myblog/index.php/nana/1
ERR: 无法加载模块:Nana

[ 2016-01-13T09:26:22+08:00 ] ::1 /myblog/index.php/nana/1
ERR: 无法加载模块:Nana

[ 2016-01-13T09:26:41+08:00 ] ::1 /myblog/index.php/na/nana/1
ERR: 无法加载模块:Na

[ 2016-01-13T09:26:50+08:00 ] ::1 /myblog/index.php/na/nana/1
ERR: 无法加载模块:Na

[ 2016-01-13T09:26:51+08:00 ] ::1 /myblog/index.php/na/nana/1
ERR: 无法加载模块:Na

[ 2016-01-13T09:26:51+08:00 ] ::1 /myblog/index.php/na/nana/1
ERR: 无法加载模块:Na

[ 2016-01-13T15:26:25+08:00 ] ::1 /myblog/Nana/1
ERR: 无法加载模块:Index

[ 2016-01-13T15:26:29+08:00 ] ::1 /myblog/Nana/1
ERR: 无法加载模块:Index

[ 2016-01-13T15:26:36+08:00 ] ::1 /myblog/Nana/1
ERR: 无法加载模块:Code

[ 2016-01-13T15:26:49+08:00 ] ::1 /myblog/Nana/1
ERR: 无法加载模块:Index

[ 2016-01-13T15:27:05+08:00 ] ::1 /myblog/Nana/1
ERR: 无法加载模块:Index

[ 2016-01-13T15:27:43+08:00 ] ::1 /myblog/Nana/1
ERR: 无法加载模块:Index

[ 2016-01-13T15:28:12+08:00 ] ::1 /myblog/Nana/1
ERR: 无法加载模块:Index

[ 2016-01-13T15:31:16+08:00 ] ::1 /myblog/Nana/3
ERR: 无法加载模块:Index

[ 2016-01-13T15:32:07+08:00 ] ::1 /myblog/Nana/1.html
ERR: 无法加载模块:Index

[ 2016-01-13T15:32:31+08:00 ] ::1 /myblog/Nana/1.html
ERR: 无法加载模块:Code

