[ 2016-01-07T09:41:18+08:00 ] ::1 /myblog/index.php/Admin/Code/doRecommendArticle
INFO: [ app_begin ] --START--
INFO: Run Behavior\ReadHtmlCacheBehavior [ RunTime:0.000976s ]
INFO: [ app_begin ] --END-- [ RunTime:0.000976s ]
SQL: SHOW COLUMNS FROM `article` [ RunTime:0.0020s ]
SQL: SELECT `recommend` FROM `article` WHERE `id` = 14 LIMIT 1   [ RunTime:0.0010s ]
SQL: UPDATE `article` SET `recommend`='0' WHERE `id` = 14 [ RunTime:0.0000s ]

[ 2016-01-07T09:41:20+08:00 ] ::1 /myblog/index.php/Admin/Code/doRecommendArticle
INFO: [ app_begin ] --START--
INFO: Run Behavior\ReadHtmlCacheBehavior [ RunTime:0.000976s ]
INFO: [ app_begin ] --END-- [ RunTime:0.000976s ]
SQL: SHOW COLUMNS FROM `article` [ RunTime:0.0029s ]
SQL: SELECT `recommend` FROM `article` WHERE `id` = 14 LIMIT 1   [ RunTime:0.0000s ]
SQL: UPDATE `article` SET `recommend`='1' WHERE `id` = 14 [ RunTime:0.0010s ]

[ 2016-01-07T10:08:32+08:00 ] ::1 /myblog/index.php/Admin/Content/getClass
INFO: [ app_begin ] --START--
INFO: Run Behavior\ReadHtmlCacheBehavior [ RunTime:0.000977s ]
INFO: [ app_begin ] --END-- [ RunTime:0.000977s ]
ERR: 无法加载控制器:Content

[ 2016-01-07T10:08:57+08:00 ] ::1 /myblog/index.php/Admin/Content/getClass
INFO: [ app_begin ] --START--
INFO: Run Behavior\ReadHtmlCacheBehavior [ RunTime:0.000000s ]
INFO: [ app_begin ] --END-- [ RunTime:0.000000s ]
ERR: 无法加载控制器:Content

